<?xml version="1.0" encoding="UTF-8"?>
<!-- Generated by org.testng.reporters.JUnitReportReporter -->
<testsuite skipped="0" hostname="G18KLMOHITC" name="com.koovs.qa.testcases.HomePageTest" tests="3" failures="0" timestamp="22 Nov 2018 11:40:48 GMT" time="33.244" errors="0">
  <testcase name="NavigateHomePageTest" time="12.429" classname="com.koovs.qa.testcases.HomePageTest"/>
  <testcase name="HomePageTitleTest" time="10.878" classname="com.koovs.qa.testcases.HomePageTest"/>
  <testcase name="KoovsLogoImageTest" time="9.937" classname="com.koovs.qa.testcases.HomePageTest"/>
</testsuite> <!-- com.koovs.qa.testcases.HomePageTest -->
